<?xml version="1.0" encoding="UTF-8"?>
<!-- Generated by org.testng.reporters.JUnitReportReporter -->
<testsuite hostname="Ashok" failures="0" tests="1" name="eBayUS.SelleBayuk" time="13.542" errors="0" timestamp="2022-02-21T14:50:53 IST" skipped="0">
  <testcase classname="eBayUS.SelleBayuk" name="eBay" time="13.542"/>
  <system-out>
UK eBay Home page is Displayed UK eBay Selling page is Displayed  </system-out>
</testsuite> <!-- eBayUS.SelleBayuk -->
