<?xml version="1.0" encoding="UTF-8"?>
<!-- Generated by org.testng.reporters.JUnitReportReporter -->
<testsuite hostname="Ashok" failures="0" tests="2" name="eBayUS.USeBay" time="8.719" errors="0" timestamp="2022-02-18T16:43:57 IST" skipped="0">
  <testcase classname="eBayUS.USeBay" name="eBayUS" time="8.506"/>
  <system-out/>
  <testcase classname="eBayUS.USeBay" name="verification" time="0.213"/>
  <system-out/>
</testsuite> <!-- eBayUS.USeBay -->
