<?xml version="1.0" encoding="UTF-8"?>
<!-- Generated by org.testng.reporters.JUnitReportReporter -->
<testsuite hostname="Ashok" failures="0" tests="1" name="eBayUS.AUSelleBayPage" time="15.332" errors="0" timestamp="2022-02-21T14:50:53 IST" skipped="0">
  <testcase classname="eBayUS.AUSelleBayPage" name="eBay" time="15.332"/>
  <system-out>
Australia eBay Home page is Displayed Australia eBay Selling page is Displayed  </system-out>
</testsuite> <!-- eBayUS.AUSelleBayPage -->
